Build started 25.10.2017 15:58:51.
     1>Project "Z:\mp2-lab2-matrix\sln\vc10\test_utmatrix.vcxproj" on node 3 (build target(s)).
     1>InitializeBuildStatus:
         Touching "Debug\test_utmatrix.unsuccessfulbuild".
       ClCompile:
         C:\Program Files (x86)\Microsoft Visual Studio 10.0\VC\bin\CL.exe /c /I../../gtest /I../../include /ZI /nologo /W3 /WX- /Od /Oy- /D WIN32 /D _DEBUG /D _CONSOLE /D _UNICODE /D UNICODE /Gm /EHsc /RTC1 /MDd /GS /fp:precise /Zc:wchar_t /Zc:forScope /Fo"Debug\\" /Fd"Debug\vc100.pdb" /Gd /TP /analyze- /errorReport:prompt ..\..\test\test_tmatrix.cpp ..\..\test\test_tvector.cpp
         test_tvector.cpp
     1>z:\mp2-lab2-matrix\include\utmatrix.h(99): warning C4172: returning address of local variable or temporary
                 z:\mp2-lab2-matrix\include\utmatrix.h(98) : while compiling class template member function 'int &TVector<ValType>::operator [](int)'
                 with
                 [
                     ValType=int
                 ]
                 z:\mp2-lab2-matrix\test\test_tvector.cpp(7) : see reference to class template instantiation 'TVector<ValType>' being compiled
                 with
                 [
                     ValType=int
                 ]
         test_tmatrix.cpp
         Generating Code...
     1>z:\mp2-lab2-matrix\include\utmatrix.h(115): error C4716: 'TVector<int>::operator=' : must return a value
     1>Done Building Project "Z:\mp2-lab2-matrix\sln\vc10\test_utmatrix.vcxproj" (build target(s)) -- FAILED.

Build FAILED.

Time Elapsed 00:00:08.87
